# JRE version: Java(TM) SE Runtime Environment (8.0_91-b14) (build 1.8.0_91-b14)
# Java VM: Java HotSpot(TM) 64-Bit Server VM (25.91-b14 mixed mode windows-amd64 compressed oops)
Heap:
 PSYoungGen      total 91136K, used 46453K [0x00000000eb400000, 0x00000000f3800000, 0x0000000100000000)
  eden space 79872K, 58% used [0x00000000eb400000,0x00000000ee15d770,0x00000000f0200000)
  from space 11264K, 0% used [0x00000000f0200000,0x00000000f0200000,0x00000000f0d00000)
  to   space 10752K, 0% used [0x00000000f2d80000,0x00000000f2d80000,0x00000000f3800000)
 ParOldGen       total 52736K, used 17770K [0x00000000c1c00000, 0x00000000c4f80000, 0x00000000eb400000)
  object space 52736K, 33% used [0x00000000c1c00000,0x00000000c2d5a960,0x00000000c4f80000)
 Metaspace       used 39605K, capacity 41290K, committed 41472K, reserved 1085440K
  class space    used 4996K, capacity 5338K, committed 5376K, reserved 1048576K
GC Heap History (10 events):
Event: 8.088 GC heap before
{Heap before GC invocations=9 (full 1):
 PSYoungGen      total 38912K, used 32229K [0x00000000eb400000, 0x00000000f0000000, 0x0000000100000000)
  eden space 32256K, 99% used [0x00000000eb400000,0x00000000ed379640,0x00000000ed380000)
  from space 6656K, 0% used [0x00000000ed380000,0x00000000ed380000,0x00000000eda00000)
  to   space 6656K, 0% used [0x00000000ef980000,0x00000000ef980000,0x00000000f0000000)
 ParOldGen       total 28672K, used 4941K [0x00000000c1c00000, 0x00000000c3800000, 0x00000000eb400000)
  object space 28672K, 17% used [0x00000000c1c00000,0x00000000c20d3518,0x00000000c3800000)
 Metaspace       used 23095K, capacity 23796K, committed 23936K, reserved 1071104K
  class space    used 2962K, capacity 3153K, committed 3200K, reserved 1048576K
Event: 8.097 GC heap after
Heap after GC invocations=9 (full 1):
 PSYoungGen      total 60416K, used 2936K [0x00000000eb400000, 0x00000000efc80000, 0x0000000100000000)
  eden space 57344K, 0% used [0x00000000eb400000,0x00000000eb400000,0x00000000eec00000)
  from space 3072K, 95% used [0x00000000ef980000,0x00000000efc5e398,0x00000000efc80000)
  to   space 6656K, 0% used [0x00000000eef80000,0x00000000eef80000,0x00000000ef600000)
 ParOldGen       total 28672K, used 5013K [0x00000000c1c00000, 0x00000000c3800000, 0x00000000eb400000)
  object space 28672K, 17% used [0x00000000c1c00000,0x00000000c20e5528,0x00000000c3800000)
 Metaspace       used 23095K, capacity 23796K, committed 23936K, reserved 1071104K
  class space    used 2962K, capacity 3153K, committed 3200K, reserved 1048576K
}
Event: 10.160 GC heap before
{Heap before GC invocations=10 (full 1):
 PSYoungGen      total 60416K, used 60280K [0x00000000eb400000, 0x00000000efc80000, 0x0000000100000000)
  eden space 57344K, 100% used [0x00000000eb400000,0x00000000eec00000,0x00000000eec00000)
  from space 3072K, 95% used [0x00000000ef980000,0x00000000efc5e398,0x00000000efc80000)
  to   space 6656K, 0% used [0x00000000eef80000,0x00000000eef80000,0x00000000ef600000)
 ParOldGen       total 28672K, used 5013K [0x00000000c1c00000, 0x00000000c3800000, 0x00000000eb400000)
  object space 28672K, 17% used [0x00000000c1c00000,0x00000000c20e5528,0x00000000c3800000)
 Metaspace       used 26187K, capacity 27152K, committed 27264K, reserved 1073152K
  class space    used 3419K, capacity 3641K, committed 3712K, reserved 1048576K
Event: 10.189 GC heap after
Heap after GC invocations=10 (full 1):
 PSYoungGen      total 67584K, used 6640K [0x00000000eb400000, 0x00000000f1480000, 0x0000000100000000)
  eden space 60928K, 0% used [0x00000000eb400000,0x00000000eb400000,0x00000000eef80000)
  from space 6656K, 99% used [0x00000000eef80000,0x00000000ef5fc1e0,0x00000000ef600000)
  to   space 7680K, 0% used [0x00000000f0d00000,0x00000000f0d00000,0x00000000f1480000)
 ParOldGen       total 28672K, used 5268K [0x00000000c1c00000, 0x00000000c3800000, 0x00000000eb400000)
  object space 28672K, 18% used [0x00000000c1c00000,0x00000000c2125328,0x00000000c3800000)
 Metaspace       used 26187K, capacity 27152K, committed 27264K, reserved 1073152K
  class space    used 3419K, capacity 3641K, committed 3712K, reserved 1048576K
}
Event: 14.422 GC heap before
{Heap before GC invocations=11 (full 1):
 PSYoungGen      total 67584K, used 67568K [0x00000000eb400000, 0x00000000f1480000, 0x0000000100000000)
  eden space 60928K, 100% used [0x00000000eb400000,0x00000000eef80000,0x00000000eef80000)
  from space 6656K, 99% used [0x00000000eef80000,0x00000000ef5fc1e0,0x00000000ef600000)
  to   space 7680K, 0% used [0x00000000f0d00000,0x00000000f0d00000,0x00000000f1480000)
 ParOldGen       total 28672K, used 5268K [0x00000000c1c00000, 0x00000000c3800000, 0x00000000eb400000)
  object space 28672K, 18% used [0x00000000c1c00000,0x00000000c2125328,0x00000000c3800000)
 Metaspace       used 32434K, capacity 33828K, committed 34048K, reserved 1079296K
  class space    used 4216K, capacity 4489K, committed 4608K, reserved 1048576K
Event: 14.454 GC heap after
Heap after GC invocations=11 (full 1):
 PSYoungGen      total 87552K, used 7672K [0x00000000eb400000, 0x00000000f1f00000, 0x0000000100000000)
  eden space 79872K, 0% used [0x00000000eb400000,0x00000000eb400000,0x00000000f0200000)
  from space 7680K, 99% used [0x00000000f0d00000,0x00000000f147e1c0,0x00000000f1480000)
  to   space 11264K, 0% used [0x00000000f0200000,0x00000000f0200000,0x00000000f0d00000)
 ParOldGen       total 28672K, used 12032K [0x00000000c1c00000, 0x00000000c3800000, 0x00000000eb400000)
  object space 28672K, 41% used [0x00000000c1c00000,0x00000000c27c0050,0x00000000c3800000)
 Metaspace       used 32434K, capacity 33828K, committed 34048K, reserved 1079296K
  class space    used 4216K, capacity 4489K, committed 4608K, reserved 1048576K
}
Event: 15.822 GC heap before
{Heap before GC invocations=12 (full 1):
 PSYoungGen      total 87552K, used 63147K [0x00000000eb400000, 0x00000000f1f00000, 0x0000000100000000)
  eden space 79872K, 69% used [0x00000000eb400000,0x00000000eea2ca88,0x00000000f0200000)
  from space 7680K, 99% used [0x00000000f0d00000,0x00000000f147e1c0,0x00000000f1480000)
  to   space 11264K, 0% used [0x00000000f0200000,0x00000000f0200000,0x00000000f0d00000)
 ParOldGen       total 28672K, used 12032K [0x00000000c1c00000, 0x00000000c3800000, 0x00000000eb400000)
  object space 28672K, 41% used [0x00000000c1c00000,0x00000000c27c0050,0x00000000c3800000)
 Metaspace       used 33878K, capacity 35392K, committed 35456K, reserved 1079296K
  class space    used 4389K, capacity 4685K, committed 4736K, reserved 1048576K
Event: 15.849 GC heap after
Heap after GC invocations=12 (full 1):
 PSYoungGen      total 91136K, used 2724K [0x00000000eb400000, 0x00000000f3800000, 0x0000000100000000)
  eden space 79872K, 0% used [0x00000000eb400000,0x00000000eb400000,0x00000000f0200000)
  from space 11264K, 24% used [0x00000000f0200000,0x00000000f04a9368,0x00000000f0d00000)
  to   space 10752K, 0% used [0x00000000f2d80000,0x00000000f2d80000,0x00000000f3800000)
 ParOldGen       total 28672K, used 19461K [0x00000000c1c00000, 0x00000000c3800000, 0x00000000eb400000)
  object space 28672K, 67% used [0x00000000c1c00000,0x00000000c2f01430,0x00000000c3800000)
 Metaspace       used 33878K, capacity 35392K, committed 35456K, reserved 1079296K
  class space    used 4389K, capacity 4685K, committed 4736K, reserved 1048576K
}
Event: 15.850 GC heap before
{Heap before GC invocations=13 (full 2):
 PSYoungGen      total 91136K, used 2724K [0x00000000eb400000, 0x00000000f3800000, 0x0000000100000000)
  eden space 79872K, 0% used [0x00000000eb400000,0x00000000eb400000,0x00000000f0200000)
  from space 11264K, 24% used [0x00000000f0200000,0x00000000f04a9368,0x00000000f0d00000)
  to   space 10752K, 0% used [0x00000000f2d80000,0x00000000f2d80000,0x00000000f3800000)
 ParOldGen       total 28672K, used 19461K [0x00000000c1c00000, 0x00000000c3800000, 0x00000000eb400000)
  object space 28672K, 67% used [0x00000000c1c00000,0x00000000c2f01430,0x00000000c3800000)
 Metaspace       used 33878K, capacity 35392K, committed 35456K, reserved 1079296K
  class space    used 4389K, capacity 4685K, committed 4736K, reserved 1048576K
Event: 15.977 GC heap after
Heap after GC invocations=13 (full 2):
 PSYoungGen      total 91136K, used 0K [0x00000000eb400000, 0x00000000f3800000, 0x0000000100000000)
  eden space 79872K, 0% used [0x00000000eb400000,0x00000000eb400000,0x00000000f0200000)
  from space 11264K, 0% used [0x00000000f0200000,0x00000000f0200000,0x00000000f0d00000)
  to   space 10752K, 0% used [0x00000000f2d80000,0x00000000f2d80000,0x00000000f3800000)
 ParOldGen       total 52736K, used 17770K [0x00000000c1c00000, 0x00000000c4f80000, 0x00000000eb400000)
  object space 52736K, 33% used [0x00000000c1c00000,0x00000000c2d5a960,0x00000000c4f80000)
 Metaspace       used 33878K, capacity 35392K, committed 35456K, reserved 1079296K
  class space    used 4389K, capacity 4685K, committed 4736K, reserved 1048576K
}

