# JRE version: Java(TM) SE Runtime Environment (8.0_91-b14) (build 1.8.0_91-b14)
# Java VM: Java HotSpot(TM) 64-Bit Server VM (25.91-b14 mixed mode windows-amd64 compressed oops)
Heap:
 PSYoungGen      total 33280K, used 1671K [0x00000000eb400000, 0x00000000edd80000, 0x0000000100000000)
  eden space 24064K, 0% used [0x00000000eb400000,0x00000000eb400000,0x00000000ecb80000)
  from space 9216K, 18% used [0x00000000ecb80000,0x00000000ecd21f18,0x00000000ed480000)
  to   space 8704K, 0% used [0x00000000ed480000,0x00000000ed480000,0x00000000edd00000)
 ParOldGen       total 35840K, used 12638K [0x00000000c1c00000, 0x00000000c3f00000, 0x00000000eb400000)
  object space 35840K, 35% used [0x00000000c1c00000,0x00000000c2857818,0x00000000c3f00000)
 Metaspace       used 22684K, capacity 23244K, committed 23344K, reserved 1073152K
  class space    used 2594K, capacity 2815K, committed 2864K, reserved 1048576K
GC Heap History (10 events):
Event: 24.121 GC heap after
Heap after GC invocations=10 (full 0):
 PSYoungGen      total 25088K, used 1472K [0x00000000eb400000, 0x00000000edf00000, 0x0000000100000000)
  eden space 16384K, 0% used [0x00000000eb400000,0x00000000eb400000,0x00000000ec400000)
  from space 8704K, 16% used [0x00000000ecc80000,0x00000000ecdf0000,0x00000000ed500000)
  to   space 8704K, 0% used [0x00000000ec400000,0x00000000ec400000,0x00000000ecc80000)
 ParOldGen       total 44032K, used 17925K [0x00000000c1c00000, 0x00000000c4700000, 0x00000000eb400000)
  object space 44032K, 40% used [0x00000000c1c00000,0x00000000c2d81758,0x00000000c4700000)
 Metaspace       used 20797K, capacity 21162K, committed 21296K, reserved 1069056K
  class space    used 2424K, capacity 2593K, committed 2608K, reserved 1048576K
}
Event: 24.121 GC heap before
{Heap before GC invocations=11 (full 1):
 PSYoungGen      total 25088K, used 1472K [0x00000000eb400000, 0x00000000edf00000, 0x0000000100000000)
  eden space 16384K, 0% used [0x00000000eb400000,0x00000000eb400000,0x00000000ec400000)
  from space 8704K, 16% used [0x00000000ecc80000,0x00000000ecdf0000,0x00000000ed500000)
  to   space 8704K, 0% used [0x00000000ec400000,0x00000000ec400000,0x00000000ecc80000)
 ParOldGen       total 44032K, used 17925K [0x00000000c1c00000, 0x00000000c4700000, 0x00000000eb400000)
  object space 44032K, 40% used [0x00000000c1c00000,0x00000000c2d81758,0x00000000c4700000)
 Metaspace       used 20797K, capacity 21162K, committed 21296K, reserved 1069056K
  class space    used 2424K, capacity 2593K, committed 2608K, reserved 1048576K
Event: 24.244 GC heap after
Heap after GC invocations=11 (full 1):
 PSYoungGen      total 25088K, used 0K [0x00000000eb400000, 0x00000000edf00000, 0x0000000100000000)
  eden space 16384K, 0% used [0x00000000eb400000,0x00000000eb400000,0x00000000ec400000)
  from space 8704K, 0% used [0x00000000ecc80000,0x00000000ecc80000,0x00000000ed500000)
  to   space 8704K, 0% used [0x00000000ec400000,0x00000000ec400000,0x00000000ecc80000)
 ParOldGen       total 35840K, used 10806K [0x00000000c1c00000, 0x00000000c3f00000, 0x00000000eb400000)
  object space 35840K, 30% used [0x00000000c1c00000,0x00000000c268d818,0x00000000c3f00000)
 Metaspace       used 20797K, capacity 21162K, committed 21296K, reserved 1069056K
  class space    used 2424K, capacity 2593K, committed 2608K, reserved 1048576K
}
Event: 25.354 GC heap before
{Heap before GC invocations=12 (full 1):
 PSYoungGen      total 25088K, used 16384K [0x00000000eb400000, 0x00000000edf00000, 0x0000000100000000)
  eden space 16384K, 100% used [0x00000000eb400000,0x00000000ec400000,0x00000000ec400000)
  from space 8704K, 0% used [0x00000000ecc80000,0x00000000ecc80000,0x00000000ed500000)
  to   space 8704K, 0% used [0x00000000ec400000,0x00000000ec400000,0x00000000ecc80000)
 ParOldGen       total 35840K, used 10806K [0x00000000c1c00000, 0x00000000c3f00000, 0x00000000eb400000)
  object space 35840K, 30% used [0x00000000c1c00000,0x00000000c268d818,0x00000000c3f00000)
 Metaspace       used 21394K, capacity 21896K, committed 22192K, reserved 1069056K
  class space    used 2498K, capacity 2666K, committed 2736K, reserved 1048576K
Event: 25.365 GC heap after
Heap after GC invocations=12 (full 1):
 PSYoungGen      total 25088K, used 1551K [0x00000000eb400000, 0x00000000edd00000, 0x0000000100000000)
  eden space 16384K, 0% used [0x00000000eb400000,0x00000000eb400000,0x00000000ec400000)
  from space 8704K, 17% used [0x00000000ec400000,0x00000000ec583ee8,0x00000000ecc80000)
  to   space 8704K, 0% used [0x00000000ed480000,0x00000000ed480000,0x00000000edd00000)
 ParOldGen       total 35840K, used 10806K [0x00000000c1c00000, 0x00000000c3f00000, 0x00000000eb400000)
  object space 35840K, 30% used [0x00000000c1c00000,0x00000000c268d818,0x00000000c3f00000)
 Metaspace       used 21394K, capacity 21896K, committed 22192K, reserved 1069056K
  class space    used 2498K, capacity 2666K, committed 2736K, reserved 1048576K
}
Event: 26.264 GC heap before
{Heap before GC invocations=13 (full 1):
 PSYoungGen      total 25088K, used 17935K [0x00000000eb400000, 0x00000000edd00000, 0x0000000100000000)
  eden space 16384K, 100% used [0x00000000eb400000,0x00000000ec400000,0x00000000ec400000)
  from space 8704K, 17% used [0x00000000ec400000,0x00000000ec583ee8,0x00000000ecc80000)
  to   space 8704K, 0% used [0x00000000ed480000,0x00000000ed480000,0x00000000edd00000)
 ParOldGen       total 35840K, used 10806K [0x00000000c1c00000, 0x00000000c3f00000, 0x00000000eb400000)
  object space 35840K, 30% used [0x00000000c1c00000,0x00000000c268d818,0x00000000c3f00000)
 Metaspace       used 22022K, capacity 22578K, committed 22832K, reserved 1069056K
  class space    used 2547K, capacity 2741K, committed 2864K, reserved 1048576K
Event: 26.274 GC heap after
Heap after GC invocations=13 (full 1):
 PSYoungGen      total 32768K, used 1627K [0x00000000eb400000, 0x00000000edd80000, 0x0000000100000000)
  eden space 24064K, 0% used [0x00000000eb400000,0x00000000eb400000,0x00000000ecb80000)
  from space 8704K, 18% used [0x00000000ed480000,0x00000000ed616f38,0x00000000edd00000)
  to   space 9216K, 0% used [0x00000000ecb80000,0x00000000ecb80000,0x00000000ed480000)
 ParOldGen       total 35840K, used 11750K [0x00000000c1c00000, 0x00000000c3f00000, 0x00000000eb400000)
  object space 35840K, 32% used [0x00000000c1c00000,0x00000000c2779818,0x00000000c3f00000)
 Metaspace       used 22022K, capacity 22578K, committed 22832K, reserved 1069056K
  class space    used 2547K, capacity 2741K, committed 2864K, reserved 1048576K
}
Event: 27.580 GC heap before
{Heap before GC invocations=14 (full 1):
 PSYoungGen      total 32768K, used 21460K [0x00000000eb400000, 0x00000000edd80000, 0x0000000100000000)
  eden space 24064K, 82% used [0x00000000eb400000,0x00000000ec75e4c0,0x00000000ecb80000)
  from space 8704K, 18% used [0x00000000ed480000,0x00000000ed616f38,0x00000000edd00000)
  to   space 9216K, 0% used [0x00000000ecb80000,0x00000000ecb80000,0x00000000ed480000)
 ParOldGen       total 35840K, used 11750K [0x00000000c1c00000, 0x00000000c3f00000, 0x00000000eb400000)
  object space 35840K, 32% used [0x00000000c1c00000,0x00000000c2779818,0x00000000c3f00000)
 Metaspace       used 22684K, capacity 23244K, committed 23344K, reserved 1073152K
  class space    used 2594K, capacity 2815K, committed 2864K, reserved 1048576K
Event: 27.588 GC heap after
Heap after GC invocations=14 (full 1):
 PSYoungGen      total 33280K, used 1671K [0x00000000eb400000, 0x00000000edd80000, 0x0000000100000000)
  eden space 24064K, 0% used [0x00000000eb400000,0x00000000eb400000,0x00000000ecb80000)
  from space 9216K, 18% used [0x00000000ecb80000,0x00000000ecd21f18,0x00000000ed480000)
  to   space 8704K, 0% used [0x00000000ed480000,0x00000000ed480000,0x00000000edd00000)
 ParOldGen       total 35840K, used 12638K [0x00000000c1c00000, 0x00000000c3f00000, 0x00000000eb400000)
  object space 35840K, 35% used [0x00000000c1c00000,0x00000000c2857818,0x00000000c3f00000)
 Metaspace       used 22684K, capacity 23244K, committed 23344K, reserved 1073152K
  class space    used 2594K, capacity 2815K, committed 2864K, reserved 1048576K
}
Event: 27.588 GC heap before
{Heap before GC invocations=15 (full 2):
 PSYoungGen      total 33280K, used 1671K [0x00000000eb400000, 0x00000000edd80000, 0x0000000100000000)
  eden space 24064K, 0% used [0x00000000eb400000,0x00000000eb400000,0x00000000ecb80000)
  from space 9216K, 18% used [0x00000000ecb80000,0x00000000ecd21f18,0x00000000ed480000)
  to   space 8704K, 0% used [0x00000000ed480000,0x00000000ed480000,0x00000000edd00000)
 ParOldGen       total 35840K, used 12638K [0x00000000c1c00000, 0x00000000c3f00000, 0x00000000eb400000)
  object space 35840K, 35% used [0x00000000c1c00000,0x00000000c2857818,0x00000000c3f00000)
 Metaspace       used 22684K, capacity 23244K, committed 23344K, reserved 1073152K
  class space    used 2594K, capacity 2815K, committed 2864K, reserved 1048576K

